c:\users\xiaohan bookman\appdata\local\temp\irmagent.log
h:\code\semanticqa\semanticqa\x64\release\semanticqa.tlog\icl-intelremotemonserver-intelremotemonagent-intelremotemonagent2.read.1.tlog
h:\code\semanticqa\semanticqa\x64\release\semanticqa.obj
c:\users\xiaoha~1\appdata\local\temp\lnk{8030242f-d1c7-46f6-9193-b2ff5f46e54e}.tmp
c:\users\xiaoha~1\appdata\local\temp\lnk{b516e973-4f0f-493c-959b-1315e57e6b15}.tmp
c:\users\xiaoha~1\appdata\local\temp\lnk{f9b037ac-40e3-4656-9e82-8de3e4494ac0}.tmp
c:\users\xiaoha~1\appdata\local\temp\lnk{9ed0e965-40f1-4661-a31d-e0446eac2e55}.tmp
c:\users\xiaoha~1\appdata\local\temp\lnk{9b874315-26ce-4257-9a4a-4f0fc6a0b85d}.tmp
c:\users\xiaoha~1\appdata\local\temp\lnk{508a51c7-b524-45c0-8abe-7ae693c35a8c}.tmp
c:\users\xiaoha~1\appdata\local\temp\lnk{3a661610-f2f6-4ab3-b80b-483ca4c28a25}.tmp
h:\code\semanticqa\x64\release\semanticqa.exe
h:\code\semanticqa\x64\release\semanticqa.pdb
h:\code\semanticqa\semanticqa\x64\release\semanticqa.tlog\icl-intelremotemonserver-intelremotemonagent-intelremotemonagent2.write.1.tlog
h:\code\semanticqa\semanticqa\x64\release\semanticqa.tlog\icl-intelremotemonserver-intelremotemonagent.read.1.tlog
h:\code\semanticqa\semanticqa\x64\release\semanticqa.tlog\icl-intelremotemonserver-intelremotemonagent.read.2.tlog
h:\code\semanticqa\semanticqa\x64\release\semanticqa.tlog\icl-intelremotemonserver.read.1.tlog
h:\code\semanticqa\semanticqa\x64\release\semanticqa.tlog\icl-intelremotemonserver.read.2.tlog
h:\code\semanticqa\semanticqa\x64\release\semanticqa.tlog\icl-intelremotemonserver.read.7.tlog
h:\code\semanticqa\semanticqa\x64\release\semanticqa.tlog\icl-intelremotemonserver.write.2.tlog
h:\code\semanticqa\semanticqa\x64\release\semanticqa.tlog\icl-mcpcom.read.1.tlog
h:\code\semanticqa\semanticqa\x64\release\semanticqa.tlog\icl-mcpcom.write.1.tlog
h:\code\semanticqa\semanticqa\x64\release\semanticqa.tlog\icl.command.1.tlog
h:\code\semanticqa\semanticqa\x64\release\semanticqa.tlog\icl.read.1.tlog
h:\code\semanticqa\semanticqa\x64\release\semanticqa.tlog\icl.write.1.tlog
h:\code\semanticqa\semanticqa\x64\release\semanticqa.tlog\xilink-link-cvtres.read.1.tlog
h:\code\semanticqa\semanticqa\x64\release\semanticqa.tlog\xilink-link-cvtres.write.1.tlog
h:\code\semanticqa\semanticqa\x64\release\semanticqa.tlog\xilink-link-rc.read.1.tlog
h:\code\semanticqa\semanticqa\x64\release\semanticqa.tlog\xilink-link-rc.write.1.tlog
h:\code\semanticqa\semanticqa\x64\release\semanticqa.tlog\xilink-link.read.1.tlog
h:\code\semanticqa\semanticqa\x64\release\semanticqa.tlog\xilink-link.write.1.tlog
h:\code\semanticqa\semanticqa\x64\release\semanticqa.tlog\xilink-mcpcom.read.1.tlog
h:\code\semanticqa\semanticqa\x64\release\semanticqa.tlog\xilink-mcpcom.write.1.tlog
h:\code\semanticqa\semanticqa\x64\release\semanticqa.tlog\xilink.command.1.tlog
h:\code\semanticqa\semanticqa\x64\release\semanticqa.tlog\xilink.read.1.tlog
h:\code\semanticqa\semanticqa\x64\release\semanticqa.tlog\xilink.write.1.tlog
