h:\code\semanticqa\semanticqa\release\vc120.pdb
h:\code\semanticqa\semanticqa\release\semanticqa.obj
h:\code\semanticqa\release\semanticqa.exe
h:\code\semanticqa\release\semanticqa.pdb
c:\users\xiaoha~1\appdata\local\temp\lnk{f65abce5-855c-4429-aa57-25fe463c3a82}.tmp
c:\users\xiaoha~1\appdata\local\temp\lnk{147748d8-4365-431f-ae82-b9de09841588}.tmp
c:\users\xiaoha~1\appdata\local\temp\lnk{d732d1b8-c8b7-4c43-b1fc-a2e14e1741db}.tmp
h:\code\semanticqa\semanticqa\release\semanticqa.tlog\cl.command.1.tlog
h:\code\semanticqa\semanticqa\release\semanticqa.tlog\cl.read.1.tlog
h:\code\semanticqa\semanticqa\release\semanticqa.tlog\cl.write.1.tlog
h:\code\semanticqa\semanticqa\release\semanticqa.tlog\icl-mcpcom.read.1.tlog
h:\code\semanticqa\semanticqa\release\semanticqa.tlog\icl-mcpcom.write.1.tlog
h:\code\semanticqa\semanticqa\release\semanticqa.tlog\icl.command.1.tlog
h:\code\semanticqa\semanticqa\release\semanticqa.tlog\icl.read.1.tlog
h:\code\semanticqa\semanticqa\release\semanticqa.tlog\icl.write.1.tlog
h:\code\semanticqa\semanticqa\release\semanticqa.tlog\link.command.1.tlog
h:\code\semanticqa\semanticqa\release\semanticqa.tlog\link.read.1.tlog
h:\code\semanticqa\semanticqa\release\semanticqa.tlog\link.write.1.tlog
h:\code\semanticqa\semanticqa\release\semanticqa.tlog\xilink-link-cvtres.read.1.tlog
h:\code\semanticqa\semanticqa\release\semanticqa.tlog\xilink-link-cvtres.write.1.tlog
h:\code\semanticqa\semanticqa\release\semanticqa.tlog\xilink-link-rc.read.1.tlog
h:\code\semanticqa\semanticqa\release\semanticqa.tlog\xilink-link-rc.write.1.tlog
h:\code\semanticqa\semanticqa\release\semanticqa.tlog\xilink-link.read.1.tlog
h:\code\semanticqa\semanticqa\release\semanticqa.tlog\xilink-link.write.1.tlog
h:\code\semanticqa\semanticqa\release\semanticqa.tlog\xilink-mcpcom.read.1.tlog
h:\code\semanticqa\semanticqa\release\semanticqa.tlog\xilink-mcpcom.write.1.tlog
h:\code\semanticqa\semanticqa\release\semanticqa.tlog\xilink.command.1.tlog
h:\code\semanticqa\semanticqa\release\semanticqa.tlog\xilink.read.1.tlog
h:\code\semanticqa\semanticqa\release\semanticqa.tlog\xilink.write.1.tlog
